<?xml version="1.0" encoding="UTF-8"?>
<!-- Generated by org.testng.reporters.JUnitXMLReporter -->
<testsuite hostname="197blrnb22556" ignored="0" name="Default test" tests="4" failures="0" timestamp="19 Mar 2020 18:10:25 GMT" time="18.851" errors="0">
  <testcase name="createChannel" time="16.614" classname="com.slack.test.ChannelTest"/>
  <testcase name="joinChannel" time="0.605" classname="com.slack.test.ChannelTest"/>
  <testcase name="renameChannel" time="0.852" classname="com.slack.test.ChannelTest"/>
  <testcase name="archiveChannel" time="0.506" classname="com.slack.test.ChannelTest"/>
</testsuite> <!-- Default test -->
